Determining if the pthread_create exist failed with the following output:
Change Dir: /home/lsj/dev/Mine_WS/src/perception/src/bin/CMakeFiles/CMakeTmp

Run Build Command:"/usr/bin/make" "cmTC_8e16d/fast"
/usr/bin/make -f CMakeFiles/cmTC_8e16d.dir/build.make CMakeFiles/cmTC_8e16d.dir/build
make[1]: 进入目录“/home/lsj/dev/Mine_WS/src/perception/src/bin/CMakeFiles/CMakeTmp”
Building C object CMakeFiles/cmTC_8e16d.dir/CheckSymbolExists.c.o
/usr/bin/cc    -o CMakeFiles/cmTC_8e16d.dir/CheckSymbolExists.c.o   -c /home/lsj/dev/Mine_WS/src/perception/src/bin/CMakeFiles/CMakeTmp/CheckSymbolExists.c
Linking C executable cmTC_8e16d
/usr/bin/cmake -E cmake_link_script CMakeFiles/cmTC_8e16d.dir/link.txt --verbose=1
/usr/bin/cc      -rdynamic CMakeFiles/cmTC_8e16d.dir/CheckSymbolExists.c.o  -o cmTC_8e16d 
CMakeFiles/cmTC_8e16d.dir/CheckSymbolExists.c.o：在函数‘main’中：
CheckSymbolExists.c:(.text+0x1b)：对‘pthread_create’未定义的引用
collect2: error: ld returned 1 exit status
CMakeFiles/cmTC_8e16d.dir/build.make:97: recipe for target 'cmTC_8e16d' failed
make[1]: *** [cmTC_8e16d] Error 1
make[1]: 离开目录“/home/lsj/dev/Mine_WS/src/perception/src/bin/CMakeFiles/CMakeTmp”
Makefile:126: recipe for target 'cmTC_8e16d/fast' failed
make: *** [cmTC_8e16d/fast] Error 2

File /home/lsj/dev/Mine_WS/src/perception/src/bin/CMakeFiles/CMakeTmp/CheckSymbolExists.c:
/* */
#include <pthread.h>

int main(int argc, char** argv)
{
  (void)argv;
#ifndef pthread_create
  return ((int*)(&pthread_create))[argc];
#else
  (void)argc;
  return 0;
#endif
}

Determining if the function pthread_create exists in the pthreads failed with the following output:
Change Dir: /home/lsj/dev/Mine_WS/src/perception/src/bin/CMakeFiles/CMakeTmp

Run Build Command:"/usr/bin/make" "cmTC_34904/fast"
/usr/bin/make -f CMakeFiles/cmTC_34904.dir/build.make CMakeFiles/cmTC_34904.dir/build
make[1]: 进入目录“/home/lsj/dev/Mine_WS/src/perception/src/bin/CMakeFiles/CMakeTmp”
Building C object CMakeFiles/cmTC_34904.dir/CheckFunctionExists.c.o
/usr/bin/cc   -DCHECK_FUNCTION_EXISTS=pthread_create   -o CMakeFiles/cmTC_34904.dir/CheckFunctionExists.c.o   -c /usr/share/cmake-3.10/Modules/CheckFunctionExists.c
Linking C executable cmTC_34904
/usr/bin/cmake -E cmake_link_script CMakeFiles/cmTC_34904.dir/link.txt --verbose=1
/usr/bin/cc  -DCHECK_FUNCTION_EXISTS=pthread_create    -rdynamic CMakeFiles/cmTC_34904.dir/CheckFunctionExists.c.o  -o cmTC_34904 -lpthreads 
/usr/bin/ld: 找不到 -lpthreads
collect2: error: ld returned 1 exit status
CMakeFiles/cmTC_34904.dir/build.make:97: recipe for target 'cmTC_34904' failed
make[1]: *** [cmTC_34904] Error 1
make[1]: 离开目录“/home/lsj/dev/Mine_WS/src/perception/src/bin/CMakeFiles/CMakeTmp”
Makefile:126: recipe for target 'cmTC_34904/fast' failed
make: *** [cmTC_34904/fast] Error 2


